Output file describing compiled parser placed in parser.fs and parser.fsi
------------------------
states = 
state 0:
  items:
    _startExpression ->  . Expression

  actions:
    action 'EOF' (noprec):   error
    action 'EQUAL' (noprec):   error
    action 'ASSIGN' (noprec):   error
    action 'NOT' (explicit right 10000):   shift 16
    action 'PRINT' (explicit right 9993):   shift 11
    action 'SEMI' (noprec):   error
    action 'GT' (noprec):   error
    action 'GE' (noprec):   error
    action 'LT' (noprec):   error
    action 'LE' (noprec):   error
    action 'LBRACE' (noprec):   error
    action 'RBRACE' (noprec):   error
    action 'LPAREN' (noprec):   shift 13
    action 'RPAREN' (noprec):   error
    action 'PLUS' (noprec):   error
    action 'MINUS' (noprec):   error
    action 'TIMES' (noprec):   error
    action 'DIV' (noprec):   error
    action 'IF' (explicit right 9992):   shift 7
    action 'THEN' (noprec):   error
    action 'ELSE' (noprec):   error
    action 'INT' (noprec):   shift 4
    action 'FLOAT' (noprec):   shift 3
    action 'ID' (noprec):   shift 2
    action 'error' (noprec):   error
    action '#' (noprec):   error
    action '$$' (noprec):   error

  immediate action: <none>
 gotos:
    goto Expression: 1

state 1:
  items:
    _startExpression -> Expression . 
    Expression -> Expression . 'TIMES' Expression
    Expression -> Expression . 'DIV' Expression
    Expression -> Expression . 'PLUS' Expression
    Expression -> Expression . 'MINUS' Expression
    Expression -> Expression . 'GT' Expression
    Expression -> Expression . 'GE' Expression
    Expression -> Expression . 'LT' Expression
    Expression -> Expression . 'LE' Expression
    Expression -> Expression . 'EQUAL' Expression
    Expression -> Expression . 'SEMI'

  actions:
    action 'EOF' (noprec):   accept
    action 'EQUAL' (explicit nonassoc 9990):   shift 35
    action 'ASSIGN' (noprec):   accept
    action 'NOT' (noprec):   accept
    action 'PRINT' (noprec):   accept
    action 'SEMI' (explicit left 9994):   shift 36
    action 'GT' (explicit left 9995):   shift 31
    action 'GE' (explicit left 9995):   shift 32
    action 'LT' (explicit left 9995):   shift 33
    action 'LE' (explicit left 9995):   shift 34
    action 'LBRACE' (noprec):   accept
    action 'RBRACE' (noprec):   accept
    action 'LPAREN' (noprec):   accept
    action 'RPAREN' (noprec):   accept
    action 'PLUS' (explicit left 9997):   shift 29
    action 'MINUS' (explicit left 9996):   shift 30
    action 'TIMES' (explicit left 9999):   shift 27
    action 'DIV' (explicit left 9998):   shift 28
    action 'IF' (noprec):   accept
    action 'THEN' (noprec):   accept
    action 'ELSE' (noprec):   accept
    action 'INT' (noprec):   accept
    action 'FLOAT' (noprec):   accept
    action 'ID' (noprec):   accept
    action 'error' (noprec):   accept
    action '#' (noprec):   accept
    action '$$' (noprec):   accept

  immediate action: <none>
 gotos:

state 2:
  items:
    Expression -> 'ID' . 
    Expression -> 'ID' . 'ASSIGN' Expression

  actions:
    action 'EOF' (noprec):   reduce Expression --> 'ID'
    action 'EQUAL' (noprec):   reduce Expression --> 'ID'
    action 'ASSIGN' (explicit right 9991):   shift 5
    action 'NOT' (noprec):   reduce Expression --> 'ID'
    action 'PRINT' (noprec):   reduce Expression --> 'ID'
    action 'SEMI' (noprec):   reduce Expression --> 'ID'
    action 'GT' (noprec):   reduce Expression --> 'ID'
    action 'GE' (noprec):   reduce Expression --> 'ID'
    action 'LT' (noprec):   reduce Expression --> 'ID'
    action 'LE' (noprec):   reduce Expression --> 'ID'
    action 'LBRACE' (noprec):   reduce Expression --> 'ID'
    action 'RBRACE' (noprec):   reduce Expression --> 'ID'
    action 'LPAREN' (noprec):   reduce Expression --> 'ID'
    action 'RPAREN' (noprec):   reduce Expression --> 'ID'
    action 'PLUS' (noprec):   reduce Expression --> 'ID'
    action 'MINUS' (noprec):   reduce Expression --> 'ID'
    action 'TIMES' (noprec):   reduce Expression --> 'ID'
    action 'DIV' (noprec):   reduce Expression --> 'ID'
    action 'IF' (noprec):   reduce Expression --> 'ID'
    action 'THEN' (noprec):   reduce Expression --> 'ID'
    action 'ELSE' (noprec):   reduce Expression --> 'ID'
    action 'INT' (noprec):   reduce Expression --> 'ID'
    action 'FLOAT' (noprec):   reduce Expression --> 'ID'
    action 'ID' (noprec):   reduce Expression --> 'ID'
    action 'error' (noprec):   reduce Expression --> 'ID'
    action '#' (noprec):   reduce Expression --> 'ID'
    action '$$' (noprec):   reduce Expression --> 'ID'

  immediate action: <none>
 gotos:

state 3:
  items:
    Expression -> 'FLOAT' . 

  actions:
    action 'EOF' (noprec):   reduce Expression --> 'FLOAT'
    action 'EQUAL' (noprec):   reduce Expression --> 'FLOAT'
    action 'ASSIGN' (noprec):   reduce Expression --> 'FLOAT'
    action 'NOT' (noprec):   reduce Expression --> 'FLOAT'
    action 'PRINT' (noprec):   reduce Expression --> 'FLOAT'
    action 'SEMI' (noprec):   reduce Expression --> 'FLOAT'
    action 'GT' (noprec):   reduce Expression --> 'FLOAT'
    action 'GE' (noprec):   reduce Expression --> 'FLOAT'
    action 'LT' (noprec):   reduce Expression --> 'FLOAT'
    action 'LE' (noprec):   reduce Expression --> 'FLOAT'
    action 'LBRACE' (noprec):   reduce Expression --> 'FLOAT'
    action 'RBRACE' (noprec):   reduce Expression --> 'FLOAT'
    action 'LPAREN' (noprec):   reduce Expression --> 'FLOAT'
    action 'RPAREN' (noprec):   reduce Expression --> 'FLOAT'
    action 'PLUS' (noprec):   reduce Expression --> 'FLOAT'
    action 'MINUS' (noprec):   reduce Expression --> 'FLOAT'
    action 'TIMES' (noprec):   reduce Expression --> 'FLOAT'
    action 'DIV' (noprec):   reduce Expression --> 'FLOAT'
    action 'IF' (noprec):   reduce Expression --> 'FLOAT'
    action 'THEN' (noprec):   reduce Expression --> 'FLOAT'
    action 'ELSE' (noprec):   reduce Expression --> 'FLOAT'
    action 'INT' (noprec):   reduce Expression --> 'FLOAT'
    action 'FLOAT' (noprec):   reduce Expression --> 'FLOAT'
    action 'ID' (noprec):   reduce Expression --> 'FLOAT'
    action 'error' (noprec):   reduce Expression --> 'FLOAT'
    action '#' (noprec):   reduce Expression --> 'FLOAT'
    action '$$' (noprec):   reduce Expression --> 'FLOAT'

  immediate action:   reduce Expression --> 'FLOAT'
 gotos:

state 4:
  items:
    Expression -> 'INT' . 

  actions:
    action 'EOF' (noprec):   reduce Expression --> 'INT'
    action 'EQUAL' (noprec):   reduce Expression --> 'INT'
    action 'ASSIGN' (noprec):   reduce Expression --> 'INT'
    action 'NOT' (noprec):   reduce Expression --> 'INT'
    action 'PRINT' (noprec):   reduce Expression --> 'INT'
    action 'SEMI' (noprec):   reduce Expression --> 'INT'
    action 'GT' (noprec):   reduce Expression --> 'INT'
    action 'GE' (noprec):   reduce Expression --> 'INT'
    action 'LT' (noprec):   reduce Expression --> 'INT'
    action 'LE' (noprec):   reduce Expression --> 'INT'
    action 'LBRACE' (noprec):   reduce Expression --> 'INT'
    action 'RBRACE' (noprec):   reduce Expression --> 'INT'
    action 'LPAREN' (noprec):   reduce Expression --> 'INT'
    action 'RPAREN' (noprec):   reduce Expression --> 'INT'
    action 'PLUS' (noprec):   reduce Expression --> 'INT'
    action 'MINUS' (noprec):   reduce Expression --> 'INT'
    action 'TIMES' (noprec):   reduce Expression --> 'INT'
    action 'DIV' (noprec):   reduce Expression --> 'INT'
    action 'IF' (noprec):   reduce Expression --> 'INT'
    action 'THEN' (noprec):   reduce Expression --> 'INT'
    action 'ELSE' (noprec):   reduce Expression --> 'INT'
    action 'INT' (noprec):   reduce Expression --> 'INT'
    action 'FLOAT' (noprec):   reduce Expression --> 'INT'
    action 'ID' (noprec):   reduce Expression --> 'INT'
    action 'error' (noprec):   reduce Expression --> 'INT'
    action '#' (noprec):   reduce Expression --> 'INT'
    action '$$' (noprec):   reduce Expression --> 'INT'

  immediate action:   reduce Expression --> 'INT'
 gotos:

state 5:
  items:
    Expression -> 'ID' 'ASSIGN' . Expression

  actions:
    action 'EOF' (noprec):   error
    action 'EQUAL' (noprec):   error
    action 'ASSIGN' (noprec):   error
    action 'NOT' (explicit right 10000):   shift 16
    action 'PRINT' (explicit right 9993):   shift 11
    action 'SEMI' (noprec):   error
    action 'GT' (noprec):   error
    action 'GE' (noprec):   error
    action 'LT' (noprec):   error
    action 'LE' (noprec):   error
    action 'LBRACE' (noprec):   error
    action 'RBRACE' (noprec):   error
    action 'LPAREN' (noprec):   shift 13
    action 'RPAREN' (noprec):   error
    action 'PLUS' (noprec):   error
    action 'MINUS' (noprec):   error
    action 'TIMES' (noprec):   error
    action 'DIV' (noprec):   error
    action 'IF' (explicit right 9992):   shift 7
    action 'THEN' (noprec):   error
    action 'ELSE' (noprec):   error
    action 'INT' (noprec):   shift 4
    action 'FLOAT' (noprec):   shift 3
    action 'ID' (noprec):   shift 2
    action 'error' (noprec):   error
    action '#' (noprec):   error
    action '$$' (noprec):   error

  immediate action: <none>
 gotos:
    goto Expression: 6

state 6:
  items:
    Expression -> 'ID' 'ASSIGN' Expression . 
    Expression -> Expression . 'TIMES' Expression
    Expression -> Expression . 'DIV' Expression
    Expression -> Expression . 'PLUS' Expression
    Expression -> Expression . 'MINUS' Expression
    Expression -> Expression . 'GT' Expression
    Expression -> Expression . 'GE' Expression
    Expression -> Expression . 'LT' Expression
    Expression -> Expression . 'LE' Expression
    Expression -> Expression . 'EQUAL' Expression
    Expression -> Expression . 'SEMI'

  actions:
    action 'EOF' (explicit right 9991):   reduce Expression --> 'ID' 'ASSIGN' Expression
    action 'EQUAL' (explicit right 9991):   reduce Expression --> 'ID' 'ASSIGN' Expression
    action 'ASSIGN' (explicit right 9991):   reduce Expression --> 'ID' 'ASSIGN' Expression
    action 'NOT' (explicit right 9991):   reduce Expression --> 'ID' 'ASSIGN' Expression
    action 'PRINT' (explicit right 9991):   reduce Expression --> 'ID' 'ASSIGN' Expression
    action 'SEMI' (explicit left 9994):   shift 36
    action 'GT' (explicit left 9995):   shift 31
    action 'GE' (explicit left 9995):   shift 32
    action 'LT' (explicit left 9995):   shift 33
    action 'LE' (explicit left 9995):   shift 34
    action 'LBRACE' (explicit right 9991):   reduce Expression --> 'ID' 'ASSIGN' Expression
    action 'RBRACE' (explicit right 9991):   reduce Expression --> 'ID' 'ASSIGN' Expression
    action 'LPAREN' (explicit right 9991):   reduce Expression --> 'ID' 'ASSIGN' Expression
    action 'RPAREN' (explicit right 9991):   reduce Expression --> 'ID' 'ASSIGN' Expression
    action 'PLUS' (explicit left 9997):   shift 29
    action 'MINUS' (explicit left 9996):   shift 30
    action 'TIMES' (explicit left 9999):   shift 27
    action 'DIV' (explicit left 9998):   shift 28
    action 'IF' (explicit right 9991):   reduce Expression --> 'ID' 'ASSIGN' Expression
    action 'THEN' (explicit right 9991):   reduce Expression --> 'ID' 'ASSIGN' Expression
    action 'ELSE' (explicit right 9991):   reduce Expression --> 'ID' 'ASSIGN' Expression
    action 'INT' (explicit right 9991):   reduce Expression --> 'ID' 'ASSIGN' Expression
    action 'FLOAT' (explicit right 9991):   reduce Expression --> 'ID' 'ASSIGN' Expression
    action 'ID' (explicit right 9991):   reduce Expression --> 'ID' 'ASSIGN' Expression
    action 'error' (explicit right 9991):   reduce Expression --> 'ID' 'ASSIGN' Expression
    action '#' (explicit right 9991):   reduce Expression --> 'ID' 'ASSIGN' Expression
    action '$$' (explicit right 9991):   reduce Expression --> 'ID' 'ASSIGN' Expression

  immediate action: <none>
 gotos:

state 7:
  items:
    Expression -> 'IF' . Expression 'THEN' Expression

  actions:
    action 'EOF' (noprec):   error
    action 'EQUAL' (noprec):   error
    action 'ASSIGN' (noprec):   error
    action 'NOT' (explicit right 10000):   shift 16
    action 'PRINT' (explicit right 9993):   shift 11
    action 'SEMI' (noprec):   error
    action 'GT' (noprec):   error
    action 'GE' (noprec):   error
    action 'LT' (noprec):   error
    action 'LE' (noprec):   error
    action 'LBRACE' (noprec):   error
    action 'RBRACE' (noprec):   error
    action 'LPAREN' (noprec):   shift 13
    action 'RPAREN' (noprec):   error
    action 'PLUS' (noprec):   error
    action 'MINUS' (noprec):   error
    action 'TIMES' (noprec):   error
    action 'DIV' (noprec):   error
    action 'IF' (explicit right 9992):   shift 7
    action 'THEN' (noprec):   error
    action 'ELSE' (noprec):   error
    action 'INT' (noprec):   shift 4
    action 'FLOAT' (noprec):   shift 3
    action 'ID' (noprec):   shift 2
    action 'error' (noprec):   error
    action '#' (noprec):   error
    action '$$' (noprec):   error

  immediate action: <none>
 gotos:
    goto Expression: 8

state 8:
  items:
    Expression -> 'IF' Expression . 'THEN' Expression
    Expression -> Expression . 'TIMES' Expression
    Expression -> Expression . 'DIV' Expression
    Expression -> Expression . 'PLUS' Expression
    Expression -> Expression . 'MINUS' Expression
    Expression -> Expression . 'GT' Expression
    Expression -> Expression . 'GE' Expression
    Expression -> Expression . 'LT' Expression
    Expression -> Expression . 'LE' Expression
    Expression -> Expression . 'EQUAL' Expression
    Expression -> Expression . 'SEMI'

  actions:
    action 'EOF' (noprec):   error
    action 'EQUAL' (explicit nonassoc 9990):   shift 35
    action 'ASSIGN' (noprec):   error
    action 'NOT' (noprec):   error
    action 'PRINT' (noprec):   error
    action 'SEMI' (explicit left 9994):   shift 36
    action 'GT' (explicit left 9995):   shift 31
    action 'GE' (explicit left 9995):   shift 32
    action 'LT' (explicit left 9995):   shift 33
    action 'LE' (explicit left 9995):   shift 34
    action 'LBRACE' (noprec):   error
    action 'RBRACE' (noprec):   error
    action 'LPAREN' (noprec):   error
    action 'RPAREN' (noprec):   error
    action 'PLUS' (explicit left 9997):   shift 29
    action 'MINUS' (explicit left 9996):   shift 30
    action 'TIMES' (explicit left 9999):   shift 27
    action 'DIV' (explicit left 9998):   shift 28
    action 'IF' (noprec):   error
    action 'THEN' (explicit right 9992):   shift 9
    action 'ELSE' (noprec):   error
    action 'INT' (noprec):   error
    action 'FLOAT' (noprec):   error
    action 'ID' (noprec):   error
    action 'error' (noprec):   error
    action '#' (noprec):   error
    action '$$' (noprec):   error

  immediate action: <none>
 gotos:

state 9:
  items:
    Expression -> 'IF' Expression 'THEN' . Expression

  actions:
    action 'EOF' (noprec):   error
    action 'EQUAL' (noprec):   error
    action 'ASSIGN' (noprec):   error
    action 'NOT' (explicit right 10000):   shift 16
    action 'PRINT' (explicit right 9993):   shift 11
    action 'SEMI' (noprec):   error
    action 'GT' (noprec):   error
    action 'GE' (noprec):   error
    action 'LT' (noprec):   error
    action 'LE' (noprec):   error
    action 'LBRACE' (noprec):   error
    action 'RBRACE' (noprec):   error
    action 'LPAREN' (noprec):   shift 13
    action 'RPAREN' (noprec):   error
    action 'PLUS' (noprec):   error
    action 'MINUS' (noprec):   error
    action 'TIMES' (noprec):   error
    action 'DIV' (noprec):   error
    action 'IF' (explicit right 9992):   shift 7
    action 'THEN' (noprec):   error
    action 'ELSE' (noprec):   error
    action 'INT' (noprec):   shift 4
    action 'FLOAT' (noprec):   shift 3
    action 'ID' (noprec):   shift 2
    action 'error' (noprec):   error
    action '#' (noprec):   error
    action '$$' (noprec):   error

  immediate action: <none>
 gotos:
    goto Expression: 10

state 10:
  items:
    Expression -> 'IF' Expression 'THEN' Expression . 
    Expression -> Expression . 'TIMES' Expression
    Expression -> Expression . 'DIV' Expression
    Expression -> Expression . 'PLUS' Expression
    Expression -> Expression . 'MINUS' Expression
    Expression -> Expression . 'GT' Expression
    Expression -> Expression . 'GE' Expression
    Expression -> Expression . 'LT' Expression
    Expression -> Expression . 'LE' Expression
    Expression -> Expression . 'EQUAL' Expression
    Expression -> Expression . 'SEMI'

  actions:
    action 'EOF' (explicit right 9992):   reduce Expression --> 'IF' Expression 'THEN' Expression
    action 'EQUAL' (explicit right 9992):   reduce Expression --> 'IF' Expression 'THEN' Expression
    action 'ASSIGN' (explicit right 9992):   reduce Expression --> 'IF' Expression 'THEN' Expression
    action 'NOT' (explicit right 9992):   reduce Expression --> 'IF' Expression 'THEN' Expression
    action 'PRINT' (explicit right 9992):   reduce Expression --> 'IF' Expression 'THEN' Expression
    action 'SEMI' (explicit left 9994):   shift 36
    action 'GT' (explicit left 9995):   shift 31
    action 'GE' (explicit left 9995):   shift 32
    action 'LT' (explicit left 9995):   shift 33
    action 'LE' (explicit left 9995):   shift 34
    action 'LBRACE' (explicit right 9992):   reduce Expression --> 'IF' Expression 'THEN' Expression
    action 'RBRACE' (explicit right 9992):   reduce Expression --> 'IF' Expression 'THEN' Expression
    action 'LPAREN' (explicit right 9992):   reduce Expression --> 'IF' Expression 'THEN' Expression
    action 'RPAREN' (explicit right 9992):   reduce Expression --> 'IF' Expression 'THEN' Expression
    action 'PLUS' (explicit left 9997):   shift 29
    action 'MINUS' (explicit left 9996):   shift 30
    action 'TIMES' (explicit left 9999):   shift 27
    action 'DIV' (explicit left 9998):   shift 28
    action 'IF' (explicit right 9992):   reduce Expression --> 'IF' Expression 'THEN' Expression
    action 'THEN' (explicit right 9992):   reduce Expression --> 'IF' Expression 'THEN' Expression
    action 'ELSE' (explicit right 9992):   reduce Expression --> 'IF' Expression 'THEN' Expression
    action 'INT' (explicit right 9992):   reduce Expression --> 'IF' Expression 'THEN' Expression
    action 'FLOAT' (explicit right 9992):   reduce Expression --> 'IF' Expression 'THEN' Expression
    action 'ID' (explicit right 9992):   reduce Expression --> 'IF' Expression 'THEN' Expression
    action 'error' (explicit right 9992):   reduce Expression --> 'IF' Expression 'THEN' Expression
    action '#' (explicit right 9992):   reduce Expression --> 'IF' Expression 'THEN' Expression
    action '$$' (explicit right 9992):   reduce Expression --> 'IF' Expression 'THEN' Expression

  immediate action: <none>
 gotos:

state 11:
  items:
    Expression -> 'PRINT' . Expression

  actions:
    action 'EOF' (noprec):   error
    action 'EQUAL' (noprec):   error
    action 'ASSIGN' (noprec):   error
    action 'NOT' (explicit right 10000):   shift 16
    action 'PRINT' (explicit right 9993):   shift 11
    action 'SEMI' (noprec):   error
    action 'GT' (noprec):   error
    action 'GE' (noprec):   error
    action 'LT' (noprec):   error
    action 'LE' (noprec):   error
    action 'LBRACE' (noprec):   error
    action 'RBRACE' (noprec):   error
    action 'LPAREN' (noprec):   shift 13
    action 'RPAREN' (noprec):   error
    action 'PLUS' (noprec):   error
    action 'MINUS' (noprec):   error
    action 'TIMES' (noprec):   error
    action 'DIV' (noprec):   error
    action 'IF' (explicit right 9992):   shift 7
    action 'THEN' (noprec):   error
    action 'ELSE' (noprec):   error
    action 'INT' (noprec):   shift 4
    action 'FLOAT' (noprec):   shift 3
    action 'ID' (noprec):   shift 2
    action 'error' (noprec):   error
    action '#' (noprec):   error
    action '$$' (noprec):   error

  immediate action: <none>
 gotos:
    goto Expression: 12

state 12:
  items:
    Expression -> 'PRINT' Expression . 
    Expression -> Expression . 'TIMES' Expression
    Expression -> Expression . 'DIV' Expression
    Expression -> Expression . 'PLUS' Expression
    Expression -> Expression . 'MINUS' Expression
    Expression -> Expression . 'GT' Expression
    Expression -> Expression . 'GE' Expression
    Expression -> Expression . 'LT' Expression
    Expression -> Expression . 'LE' Expression
    Expression -> Expression . 'EQUAL' Expression
    Expression -> Expression . 'SEMI'

  actions:
    action 'EOF' (explicit right 9993):   reduce Expression --> 'PRINT' Expression
    action 'EQUAL' (explicit right 9993):   reduce Expression --> 'PRINT' Expression
    action 'ASSIGN' (explicit right 9993):   reduce Expression --> 'PRINT' Expression
    action 'NOT' (explicit right 9993):   reduce Expression --> 'PRINT' Expression
    action 'PRINT' (explicit right 9993):   reduce Expression --> 'PRINT' Expression
    action 'SEMI' (explicit left 9994):   shift 36
    action 'GT' (explicit left 9995):   shift 31
    action 'GE' (explicit left 9995):   shift 32
    action 'LT' (explicit left 9995):   shift 33
    action 'LE' (explicit left 9995):   shift 34
    action 'LBRACE' (explicit right 9993):   reduce Expression --> 'PRINT' Expression
    action 'RBRACE' (explicit right 9993):   reduce Expression --> 'PRINT' Expression
    action 'LPAREN' (explicit right 9993):   reduce Expression --> 'PRINT' Expression
    action 'RPAREN' (explicit right 9993):   reduce Expression --> 'PRINT' Expression
    action 'PLUS' (explicit left 9997):   shift 29
    action 'MINUS' (explicit left 9996):   shift 30
    action 'TIMES' (explicit left 9999):   shift 27
    action 'DIV' (explicit left 9998):   shift 28
    action 'IF' (explicit right 9993):   reduce Expression --> 'PRINT' Expression
    action 'THEN' (explicit right 9993):   reduce Expression --> 'PRINT' Expression
    action 'ELSE' (explicit right 9993):   reduce Expression --> 'PRINT' Expression
    action 'INT' (explicit right 9993):   reduce Expression --> 'PRINT' Expression
    action 'FLOAT' (explicit right 9993):   reduce Expression --> 'PRINT' Expression
    action 'ID' (explicit right 9993):   reduce Expression --> 'PRINT' Expression
    action 'error' (explicit right 9993):   reduce Expression --> 'PRINT' Expression
    action '#' (explicit right 9993):   reduce Expression --> 'PRINT' Expression
    action '$$' (explicit right 9993):   reduce Expression --> 'PRINT' Expression

  immediate action: <none>
 gotos:

state 13:
  items:
    Expression -> 'LPAREN' . Expression 'RPAREN'

  actions:
    action 'EOF' (noprec):   error
    action 'EQUAL' (noprec):   error
    action 'ASSIGN' (noprec):   error
    action 'NOT' (explicit right 10000):   shift 16
    action 'PRINT' (explicit right 9993):   shift 11
    action 'SEMI' (noprec):   error
    action 'GT' (noprec):   error
    action 'GE' (noprec):   error
    action 'LT' (noprec):   error
    action 'LE' (noprec):   error
    action 'LBRACE' (noprec):   error
    action 'RBRACE' (noprec):   error
    action 'LPAREN' (noprec):   shift 13
    action 'RPAREN' (noprec):   error
    action 'PLUS' (noprec):   error
    action 'MINUS' (noprec):   error
    action 'TIMES' (noprec):   error
    action 'DIV' (noprec):   error
    action 'IF' (explicit right 9992):   shift 7
    action 'THEN' (noprec):   error
    action 'ELSE' (noprec):   error
    action 'INT' (noprec):   shift 4
    action 'FLOAT' (noprec):   shift 3
    action 'ID' (noprec):   shift 2
    action 'error' (noprec):   error
    action '#' (noprec):   error
    action '$$' (noprec):   error

  immediate action: <none>
 gotos:
    goto Expression: 14

state 14:
  items:
    Expression -> 'LPAREN' Expression . 'RPAREN'
    Expression -> Expression . 'TIMES' Expression
    Expression -> Expression . 'DIV' Expression
    Expression -> Expression . 'PLUS' Expression
    Expression -> Expression . 'MINUS' Expression
    Expression -> Expression . 'GT' Expression
    Expression -> Expression . 'GE' Expression
    Expression -> Expression . 'LT' Expression
    Expression -> Expression . 'LE' Expression
    Expression -> Expression . 'EQUAL' Expression
    Expression -> Expression . 'SEMI'

  actions:
    action 'EOF' (noprec):   error
    action 'EQUAL' (explicit nonassoc 9990):   shift 35
    action 'ASSIGN' (noprec):   error
    action 'NOT' (noprec):   error
    action 'PRINT' (noprec):   error
    action 'SEMI' (explicit left 9994):   shift 36
    action 'GT' (explicit left 9995):   shift 31
    action 'GE' (explicit left 9995):   shift 32
    action 'LT' (explicit left 9995):   shift 33
    action 'LE' (explicit left 9995):   shift 34
    action 'LBRACE' (noprec):   error
    action 'RBRACE' (noprec):   error
    action 'LPAREN' (noprec):   error
    action 'RPAREN' (noprec):   shift 15
    action 'PLUS' (explicit left 9997):   shift 29
    action 'MINUS' (explicit left 9996):   shift 30
    action 'TIMES' (explicit left 9999):   shift 27
    action 'DIV' (explicit left 9998):   shift 28
    action 'IF' (noprec):   error
    action 'THEN' (noprec):   error
    action 'ELSE' (noprec):   error
    action 'INT' (noprec):   error
    action 'FLOAT' (noprec):   error
    action 'ID' (noprec):   error
    action 'error' (noprec):   error
    action '#' (noprec):   error
    action '$$' (noprec):   error

  immediate action: <none>
 gotos:

state 15:
  items:
    Expression -> 'LPAREN' Expression 'RPAREN' . 

  actions:
    action 'EOF' (noprec):   reduce Expression --> 'LPAREN' Expression 'RPAREN'
    action 'EQUAL' (noprec):   reduce Expression --> 'LPAREN' Expression 'RPAREN'
    action 'ASSIGN' (noprec):   reduce Expression --> 'LPAREN' Expression 'RPAREN'
    action 'NOT' (noprec):   reduce Expression --> 'LPAREN' Expression 'RPAREN'
    action 'PRINT' (noprec):   reduce Expression --> 'LPAREN' Expression 'RPAREN'
    action 'SEMI' (noprec):   reduce Expression --> 'LPAREN' Expression 'RPAREN'
    action 'GT' (noprec):   reduce Expression --> 'LPAREN' Expression 'RPAREN'
    action 'GE' (noprec):   reduce Expression --> 'LPAREN' Expression 'RPAREN'
    action 'LT' (noprec):   reduce Expression --> 'LPAREN' Expression 'RPAREN'
    action 'LE' (noprec):   reduce Expression --> 'LPAREN' Expression 'RPAREN'
    action 'LBRACE' (noprec):   reduce Expression --> 'LPAREN' Expression 'RPAREN'
    action 'RBRACE' (noprec):   reduce Expression --> 'LPAREN' Expression 'RPAREN'
    action 'LPAREN' (noprec):   reduce Expression --> 'LPAREN' Expression 'RPAREN'
    action 'RPAREN' (noprec):   reduce Expression --> 'LPAREN' Expression 'RPAREN'
    action 'PLUS' (noprec):   reduce Expression --> 'LPAREN' Expression 'RPAREN'
    action 'MINUS' (noprec):   reduce Expression --> 'LPAREN' Expression 'RPAREN'
    action 'TIMES' (noprec):   reduce Expression --> 'LPAREN' Expression 'RPAREN'
    action 'DIV' (noprec):   reduce Expression --> 'LPAREN' Expression 'RPAREN'
    action 'IF' (noprec):   reduce Expression --> 'LPAREN' Expression 'RPAREN'
    action 'THEN' (noprec):   reduce Expression --> 'LPAREN' Expression 'RPAREN'
    action 'ELSE' (noprec):   reduce Expression --> 'LPAREN' Expression 'RPAREN'
    action 'INT' (noprec):   reduce Expression --> 'LPAREN' Expression 'RPAREN'
    action 'FLOAT' (noprec):   reduce Expression --> 'LPAREN' Expression 'RPAREN'
    action 'ID' (noprec):   reduce Expression --> 'LPAREN' Expression 'RPAREN'
    action 'error' (noprec):   reduce Expression --> 'LPAREN' Expression 'RPAREN'
    action '#' (noprec):   reduce Expression --> 'LPAREN' Expression 'RPAREN'
    action '$$' (noprec):   reduce Expression --> 'LPAREN' Expression 'RPAREN'

  immediate action:   reduce Expression --> 'LPAREN' Expression 'RPAREN'
 gotos:

state 16:
  items:
    Expression -> 'NOT' . Expression

  actions:
    action 'EOF' (noprec):   error
    action 'EQUAL' (noprec):   error
    action 'ASSIGN' (noprec):   error
    action 'NOT' (explicit right 10000):   shift 16
    action 'PRINT' (explicit right 9993):   shift 11
    action 'SEMI' (noprec):   error
    action 'GT' (noprec):   error
    action 'GE' (noprec):   error
    action 'LT' (noprec):   error
    action 'LE' (noprec):   error
    action 'LBRACE' (noprec):   error
    action 'RBRACE' (noprec):   error
    action 'LPAREN' (noprec):   shift 13
    action 'RPAREN' (noprec):   error
    action 'PLUS' (noprec):   error
    action 'MINUS' (noprec):   error
    action 'TIMES' (noprec):   error
    action 'DIV' (noprec):   error
    action 'IF' (explicit right 9992):   shift 7
    action 'THEN' (noprec):   error
    action 'ELSE' (noprec):   error
    action 'INT' (noprec):   shift 4
    action 'FLOAT' (noprec):   shift 3
    action 'ID' (noprec):   shift 2
    action 'error' (noprec):   error
    action '#' (noprec):   error
    action '$$' (noprec):   error

  immediate action: <none>
 gotos:
    goto Expression: 17

state 17:
  items:
    Expression -> 'NOT' Expression . 
    Expression -> Expression . 'TIMES' Expression
    Expression -> Expression . 'DIV' Expression
    Expression -> Expression . 'PLUS' Expression
    Expression -> Expression . 'MINUS' Expression
    Expression -> Expression . 'GT' Expression
    Expression -> Expression . 'GE' Expression
    Expression -> Expression . 'LT' Expression
    Expression -> Expression . 'LE' Expression
    Expression -> Expression . 'EQUAL' Expression
    Expression -> Expression . 'SEMI'

  actions:
    action 'EOF' (explicit right 10000):   reduce Expression --> 'NOT' Expression
    action 'EQUAL' (explicit right 10000):   reduce Expression --> 'NOT' Expression
    action 'ASSIGN' (explicit right 10000):   reduce Expression --> 'NOT' Expression
    action 'NOT' (explicit right 10000):   reduce Expression --> 'NOT' Expression
    action 'PRINT' (explicit right 10000):   reduce Expression --> 'NOT' Expression
    action 'SEMI' (explicit right 10000):   reduce Expression --> 'NOT' Expression
    action 'GT' (explicit right 10000):   reduce Expression --> 'NOT' Expression
    action 'GE' (explicit right 10000):   reduce Expression --> 'NOT' Expression
    action 'LT' (explicit right 10000):   reduce Expression --> 'NOT' Expression
    action 'LE' (explicit right 10000):   reduce Expression --> 'NOT' Expression
    action 'LBRACE' (explicit right 10000):   reduce Expression --> 'NOT' Expression
    action 'RBRACE' (explicit right 10000):   reduce Expression --> 'NOT' Expression
    action 'LPAREN' (explicit right 10000):   reduce Expression --> 'NOT' Expression
    action 'RPAREN' (explicit right 10000):   reduce Expression --> 'NOT' Expression
    action 'PLUS' (explicit right 10000):   reduce Expression --> 'NOT' Expression
    action 'MINUS' (explicit right 10000):   reduce Expression --> 'NOT' Expression
    action 'TIMES' (explicit right 10000):   reduce Expression --> 'NOT' Expression
    action 'DIV' (explicit right 10000):   reduce Expression --> 'NOT' Expression
    action 'IF' (explicit right 10000):   reduce Expression --> 'NOT' Expression
    action 'THEN' (explicit right 10000):   reduce Expression --> 'NOT' Expression
    action 'ELSE' (explicit right 10000):   reduce Expression --> 'NOT' Expression
    action 'INT' (explicit right 10000):   reduce Expression --> 'NOT' Expression
    action 'FLOAT' (explicit right 10000):   reduce Expression --> 'NOT' Expression
    action 'ID' (explicit right 10000):   reduce Expression --> 'NOT' Expression
    action 'error' (explicit right 10000):   reduce Expression --> 'NOT' Expression
    action '#' (explicit right 10000):   reduce Expression --> 'NOT' Expression
    action '$$' (explicit right 10000):   reduce Expression --> 'NOT' Expression

  immediate action: <none>
 gotos:

state 18:
  items:
    Expression -> Expression . 'TIMES' Expression
    Expression -> Expression 'TIMES' Expression . 
    Expression -> Expression . 'DIV' Expression
    Expression -> Expression . 'PLUS' Expression
    Expression -> Expression . 'MINUS' Expression
    Expression -> Expression . 'GT' Expression
    Expression -> Expression . 'GE' Expression
    Expression -> Expression . 'LT' Expression
    Expression -> Expression . 'LE' Expression
    Expression -> Expression . 'EQUAL' Expression
    Expression -> Expression . 'SEMI'

  actions:
    action 'EOF' (explicit left 9999):   reduce Expression --> Expression 'TIMES' Expression
    action 'EQUAL' (explicit left 9999):   reduce Expression --> Expression 'TIMES' Expression
    action 'ASSIGN' (explicit left 9999):   reduce Expression --> Expression 'TIMES' Expression
    action 'NOT' (explicit left 9999):   reduce Expression --> Expression 'TIMES' Expression
    action 'PRINT' (explicit left 9999):   reduce Expression --> Expression 'TIMES' Expression
    action 'SEMI' (explicit left 9999):   reduce Expression --> Expression 'TIMES' Expression
    action 'GT' (explicit left 9999):   reduce Expression --> Expression 'TIMES' Expression
    action 'GE' (explicit left 9999):   reduce Expression --> Expression 'TIMES' Expression
    action 'LT' (explicit left 9999):   reduce Expression --> Expression 'TIMES' Expression
    action 'LE' (explicit left 9999):   reduce Expression --> Expression 'TIMES' Expression
    action 'LBRACE' (explicit left 9999):   reduce Expression --> Expression 'TIMES' Expression
    action 'RBRACE' (explicit left 9999):   reduce Expression --> Expression 'TIMES' Expression
    action 'LPAREN' (explicit left 9999):   reduce Expression --> Expression 'TIMES' Expression
    action 'RPAREN' (explicit left 9999):   reduce Expression --> Expression 'TIMES' Expression
    action 'PLUS' (explicit left 9999):   reduce Expression --> Expression 'TIMES' Expression
    action 'MINUS' (explicit left 9999):   reduce Expression --> Expression 'TIMES' Expression
    action 'TIMES' (explicit left 9999):   reduce Expression --> Expression 'TIMES' Expression
    action 'DIV' (explicit left 9999):   reduce Expression --> Expression 'TIMES' Expression
    action 'IF' (explicit left 9999):   reduce Expression --> Expression 'TIMES' Expression
    action 'THEN' (explicit left 9999):   reduce Expression --> Expression 'TIMES' Expression
    action 'ELSE' (explicit left 9999):   reduce Expression --> Expression 'TIMES' Expression
    action 'INT' (explicit left 9999):   reduce Expression --> Expression 'TIMES' Expression
    action 'FLOAT' (explicit left 9999):   reduce Expression --> Expression 'TIMES' Expression
    action 'ID' (explicit left 9999):   reduce Expression --> Expression 'TIMES' Expression
    action 'error' (explicit left 9999):   reduce Expression --> Expression 'TIMES' Expression
    action '#' (explicit left 9999):   reduce Expression --> Expression 'TIMES' Expression
    action '$$' (explicit left 9999):   reduce Expression --> Expression 'TIMES' Expression

  immediate action: <none>
 gotos:

state 19:
  items:
    Expression -> Expression . 'TIMES' Expression
    Expression -> Expression . 'DIV' Expression
    Expression -> Expression 'DIV' Expression . 
    Expression -> Expression . 'PLUS' Expression
    Expression -> Expression . 'MINUS' Expression
    Expression -> Expression . 'GT' Expression
    Expression -> Expression . 'GE' Expression
    Expression -> Expression . 'LT' Expression
    Expression -> Expression . 'LE' Expression
    Expression -> Expression . 'EQUAL' Expression
    Expression -> Expression . 'SEMI'

  actions:
    action 'EOF' (explicit left 9998):   reduce Expression --> Expression 'DIV' Expression
    action 'EQUAL' (explicit left 9998):   reduce Expression --> Expression 'DIV' Expression
    action 'ASSIGN' (explicit left 9998):   reduce Expression --> Expression 'DIV' Expression
    action 'NOT' (explicit left 9998):   reduce Expression --> Expression 'DIV' Expression
    action 'PRINT' (explicit left 9998):   reduce Expression --> Expression 'DIV' Expression
    action 'SEMI' (explicit left 9998):   reduce Expression --> Expression 'DIV' Expression
    action 'GT' (explicit left 9998):   reduce Expression --> Expression 'DIV' Expression
    action 'GE' (explicit left 9998):   reduce Expression --> Expression 'DIV' Expression
    action 'LT' (explicit left 9998):   reduce Expression --> Expression 'DIV' Expression
    action 'LE' (explicit left 9998):   reduce Expression --> Expression 'DIV' Expression
    action 'LBRACE' (explicit left 9998):   reduce Expression --> Expression 'DIV' Expression
    action 'RBRACE' (explicit left 9998):   reduce Expression --> Expression 'DIV' Expression
    action 'LPAREN' (explicit left 9998):   reduce Expression --> Expression 'DIV' Expression
    action 'RPAREN' (explicit left 9998):   reduce Expression --> Expression 'DIV' Expression
    action 'PLUS' (explicit left 9998):   reduce Expression --> Expression 'DIV' Expression
    action 'MINUS' (explicit left 9998):   reduce Expression --> Expression 'DIV' Expression
    action 'TIMES' (explicit left 9999):   shift 27
    action 'DIV' (explicit left 9998):   reduce Expression --> Expression 'DIV' Expression
    action 'IF' (explicit left 9998):   reduce Expression --> Expression 'DIV' Expression
    action 'THEN' (explicit left 9998):   reduce Expression --> Expression 'DIV' Expression
    action 'ELSE' (explicit left 9998):   reduce Expression --> Expression 'DIV' Expression
    action 'INT' (explicit left 9998):   reduce Expression --> Expression 'DIV' Expression
    action 'FLOAT' (explicit left 9998):   reduce Expression --> Expression 'DIV' Expression
    action 'ID' (explicit left 9998):   reduce Expression --> Expression 'DIV' Expression
    action 'error' (explicit left 9998):   reduce Expression --> Expression 'DIV' Expression
    action '#' (explicit left 9998):   reduce Expression --> Expression 'DIV' Expression
    action '$$' (explicit left 9998):   reduce Expression --> Expression 'DIV' Expression

  immediate action: <none>
 gotos:

state 20:
  items:
    Expression -> Expression . 'TIMES' Expression
    Expression -> Expression . 'DIV' Expression
    Expression -> Expression . 'PLUS' Expression
    Expression -> Expression 'PLUS' Expression . 
    Expression -> Expression . 'MINUS' Expression
    Expression -> Expression . 'GT' Expression
    Expression -> Expression . 'GE' Expression
    Expression -> Expression . 'LT' Expression
    Expression -> Expression . 'LE' Expression
    Expression -> Expression . 'EQUAL' Expression
    Expression -> Expression . 'SEMI'

  actions:
    action 'EOF' (explicit left 9997):   reduce Expression --> Expression 'PLUS' Expression
    action 'EQUAL' (explicit left 9997):   reduce Expression --> Expression 'PLUS' Expression
    action 'ASSIGN' (explicit left 9997):   reduce Expression --> Expression 'PLUS' Expression
    action 'NOT' (explicit left 9997):   reduce Expression --> Expression 'PLUS' Expression
    action 'PRINT' (explicit left 9997):   reduce Expression --> Expression 'PLUS' Expression
    action 'SEMI' (explicit left 9997):   reduce Expression --> Expression 'PLUS' Expression
    action 'GT' (explicit left 9997):   reduce Expression --> Expression 'PLUS' Expression
    action 'GE' (explicit left 9997):   reduce Expression --> Expression 'PLUS' Expression
    action 'LT' (explicit left 9997):   reduce Expression --> Expression 'PLUS' Expression
    action 'LE' (explicit left 9997):   reduce Expression --> Expression 'PLUS' Expression
    action 'LBRACE' (explicit left 9997):   reduce Expression --> Expression 'PLUS' Expression
    action 'RBRACE' (explicit left 9997):   reduce Expression --> Expression 'PLUS' Expression
    action 'LPAREN' (explicit left 9997):   reduce Expression --> Expression 'PLUS' Expression
    action 'RPAREN' (explicit left 9997):   reduce Expression --> Expression 'PLUS' Expression
    action 'PLUS' (explicit left 9997):   reduce Expression --> Expression 'PLUS' Expression
    action 'MINUS' (explicit left 9997):   reduce Expression --> Expression 'PLUS' Expression
    action 'TIMES' (explicit left 9999):   shift 27
    action 'DIV' (explicit left 9998):   shift 28
    action 'IF' (explicit left 9997):   reduce Expression --> Expression 'PLUS' Expression
    action 'THEN' (explicit left 9997):   reduce Expression --> Expression 'PLUS' Expression
    action 'ELSE' (explicit left 9997):   reduce Expression --> Expression 'PLUS' Expression
    action 'INT' (explicit left 9997):   reduce Expression --> Expression 'PLUS' Expression
    action 'FLOAT' (explicit left 9997):   reduce Expression --> Expression 'PLUS' Expression
    action 'ID' (explicit left 9997):   reduce Expression --> Expression 'PLUS' Expression
    action 'error' (explicit left 9997):   reduce Expression --> Expression 'PLUS' Expression
    action '#' (explicit left 9997):   reduce Expression --> Expression 'PLUS' Expression
    action '$$' (explicit left 9997):   reduce Expression --> Expression 'PLUS' Expression

  immediate action: <none>
 gotos:

state 21:
  items:
    Expression -> Expression . 'TIMES' Expression
    Expression -> Expression . 'DIV' Expression
    Expression -> Expression . 'PLUS' Expression
    Expression -> Expression . 'MINUS' Expression
    Expression -> Expression 'MINUS' Expression . 
    Expression -> Expression . 'GT' Expression
    Expression -> Expression . 'GE' Expression
    Expression -> Expression . 'LT' Expression
    Expression -> Expression . 'LE' Expression
    Expression -> Expression . 'EQUAL' Expression
    Expression -> Expression . 'SEMI'

  actions:
    action 'EOF' (explicit left 9996):   reduce Expression --> Expression 'MINUS' Expression
    action 'EQUAL' (explicit left 9996):   reduce Expression --> Expression 'MINUS' Expression
    action 'ASSIGN' (explicit left 9996):   reduce Expression --> Expression 'MINUS' Expression
    action 'NOT' (explicit left 9996):   reduce Expression --> Expression 'MINUS' Expression
    action 'PRINT' (explicit left 9996):   reduce Expression --> Expression 'MINUS' Expression
    action 'SEMI' (explicit left 9996):   reduce Expression --> Expression 'MINUS' Expression
    action 'GT' (explicit left 9996):   reduce Expression --> Expression 'MINUS' Expression
    action 'GE' (explicit left 9996):   reduce Expression --> Expression 'MINUS' Expression
    action 'LT' (explicit left 9996):   reduce Expression --> Expression 'MINUS' Expression
    action 'LE' (explicit left 9996):   reduce Expression --> Expression 'MINUS' Expression
    action 'LBRACE' (explicit left 9996):   reduce Expression --> Expression 'MINUS' Expression
    action 'RBRACE' (explicit left 9996):   reduce Expression --> Expression 'MINUS' Expression
    action 'LPAREN' (explicit left 9996):   reduce Expression --> Expression 'MINUS' Expression
    action 'RPAREN' (explicit left 9996):   reduce Expression --> Expression 'MINUS' Expression
    action 'PLUS' (explicit left 9997):   shift 29
    action 'MINUS' (explicit left 9996):   reduce Expression --> Expression 'MINUS' Expression
    action 'TIMES' (explicit left 9999):   shift 27
    action 'DIV' (explicit left 9998):   shift 28
    action 'IF' (explicit left 9996):   reduce Expression --> Expression 'MINUS' Expression
    action 'THEN' (explicit left 9996):   reduce Expression --> Expression 'MINUS' Expression
    action 'ELSE' (explicit left 9996):   reduce Expression --> Expression 'MINUS' Expression
    action 'INT' (explicit left 9996):   reduce Expression --> Expression 'MINUS' Expression
    action 'FLOAT' (explicit left 9996):   reduce Expression --> Expression 'MINUS' Expression
    action 'ID' (explicit left 9996):   reduce Expression --> Expression 'MINUS' Expression
    action 'error' (explicit left 9996):   reduce Expression --> Expression 'MINUS' Expression
    action '#' (explicit left 9996):   reduce Expression --> Expression 'MINUS' Expression
    action '$$' (explicit left 9996):   reduce Expression --> Expression 'MINUS' Expression

  immediate action: <none>
 gotos:

state 22:
  items:
    Expression -> Expression . 'TIMES' Expression
    Expression -> Expression . 'DIV' Expression
    Expression -> Expression . 'PLUS' Expression
    Expression -> Expression . 'MINUS' Expression
    Expression -> Expression . 'GT' Expression
    Expression -> Expression 'GT' Expression . 
    Expression -> Expression . 'GE' Expression
    Expression -> Expression . 'LT' Expression
    Expression -> Expression . 'LE' Expression
    Expression -> Expression . 'EQUAL' Expression
    Expression -> Expression . 'SEMI'

  actions:
    action 'EOF' (explicit left 9995):   reduce Expression --> Expression 'GT' Expression
    action 'EQUAL' (explicit left 9995):   reduce Expression --> Expression 'GT' Expression
    action 'ASSIGN' (explicit left 9995):   reduce Expression --> Expression 'GT' Expression
    action 'NOT' (explicit left 9995):   reduce Expression --> Expression 'GT' Expression
    action 'PRINT' (explicit left 9995):   reduce Expression --> Expression 'GT' Expression
    action 'SEMI' (explicit left 9995):   reduce Expression --> Expression 'GT' Expression
    action 'GT' (explicit left 9995):   reduce Expression --> Expression 'GT' Expression
    action 'GE' (explicit left 9995):   reduce Expression --> Expression 'GT' Expression
    action 'LT' (explicit left 9995):   reduce Expression --> Expression 'GT' Expression
    action 'LE' (explicit left 9995):   reduce Expression --> Expression 'GT' Expression
    action 'LBRACE' (explicit left 9995):   reduce Expression --> Expression 'GT' Expression
    action 'RBRACE' (explicit left 9995):   reduce Expression --> Expression 'GT' Expression
    action 'LPAREN' (explicit left 9995):   reduce Expression --> Expression 'GT' Expression
    action 'RPAREN' (explicit left 9995):   reduce Expression --> Expression 'GT' Expression
    action 'PLUS' (explicit left 9997):   shift 29
    action 'MINUS' (explicit left 9996):   shift 30
    action 'TIMES' (explicit left 9999):   shift 27
    action 'DIV' (explicit left 9998):   shift 28
    action 'IF' (explicit left 9995):   reduce Expression --> Expression 'GT' Expression
    action 'THEN' (explicit left 9995):   reduce Expression --> Expression 'GT' Expression
    action 'ELSE' (explicit left 9995):   reduce Expression --> Expression 'GT' Expression
    action 'INT' (explicit left 9995):   reduce Expression --> Expression 'GT' Expression
    action 'FLOAT' (explicit left 9995):   reduce Expression --> Expression 'GT' Expression
    action 'ID' (explicit left 9995):   reduce Expression --> Expression 'GT' Expression
    action 'error' (explicit left 9995):   reduce Expression --> Expression 'GT' Expression
    action '#' (explicit left 9995):   reduce Expression --> Expression 'GT' Expression
    action '$$' (explicit left 9995):   reduce Expression --> Expression 'GT' Expression

  immediate action: <none>
 gotos:

state 23:
  items:
    Expression -> Expression . 'TIMES' Expression
    Expression -> Expression . 'DIV' Expression
    Expression -> Expression . 'PLUS' Expression
    Expression -> Expression . 'MINUS' Expression
    Expression -> Expression . 'GT' Expression
    Expression -> Expression . 'GE' Expression
    Expression -> Expression 'GE' Expression . 
    Expression -> Expression . 'LT' Expression
    Expression -> Expression . 'LE' Expression
    Expression -> Expression . 'EQUAL' Expression
    Expression -> Expression . 'SEMI'

  actions:
    action 'EOF' (explicit left 9995):   reduce Expression --> Expression 'GE' Expression
    action 'EQUAL' (explicit left 9995):   reduce Expression --> Expression 'GE' Expression
    action 'ASSIGN' (explicit left 9995):   reduce Expression --> Expression 'GE' Expression
    action 'NOT' (explicit left 9995):   reduce Expression --> Expression 'GE' Expression
    action 'PRINT' (explicit left 9995):   reduce Expression --> Expression 'GE' Expression
    action 'SEMI' (explicit left 9995):   reduce Expression --> Expression 'GE' Expression
    action 'GT' (explicit left 9995):   reduce Expression --> Expression 'GE' Expression
    action 'GE' (explicit left 9995):   reduce Expression --> Expression 'GE' Expression
    action 'LT' (explicit left 9995):   reduce Expression --> Expression 'GE' Expression
    action 'LE' (explicit left 9995):   reduce Expression --> Expression 'GE' Expression
    action 'LBRACE' (explicit left 9995):   reduce Expression --> Expression 'GE' Expression
    action 'RBRACE' (explicit left 9995):   reduce Expression --> Expression 'GE' Expression
    action 'LPAREN' (explicit left 9995):   reduce Expression --> Expression 'GE' Expression
    action 'RPAREN' (explicit left 9995):   reduce Expression --> Expression 'GE' Expression
    action 'PLUS' (explicit left 9997):   shift 29
    action 'MINUS' (explicit left 9996):   shift 30
    action 'TIMES' (explicit left 9999):   shift 27
    action 'DIV' (explicit left 9998):   shift 28
    action 'IF' (explicit left 9995):   reduce Expression --> Expression 'GE' Expression
    action 'THEN' (explicit left 9995):   reduce Expression --> Expression 'GE' Expression
    action 'ELSE' (explicit left 9995):   reduce Expression --> Expression 'GE' Expression
    action 'INT' (explicit left 9995):   reduce Expression --> Expression 'GE' Expression
    action 'FLOAT' (explicit left 9995):   reduce Expression --> Expression 'GE' Expression
    action 'ID' (explicit left 9995):   reduce Expression --> Expression 'GE' Expression
    action 'error' (explicit left 9995):   reduce Expression --> Expression 'GE' Expression
    action '#' (explicit left 9995):   reduce Expression --> Expression 'GE' Expression
    action '$$' (explicit left 9995):   reduce Expression --> Expression 'GE' Expression

  immediate action: <none>
 gotos:

state 24:
  items:
    Expression -> Expression . 'TIMES' Expression
    Expression -> Expression . 'DIV' Expression
    Expression -> Expression . 'PLUS' Expression
    Expression -> Expression . 'MINUS' Expression
    Expression -> Expression . 'GT' Expression
    Expression -> Expression . 'GE' Expression
    Expression -> Expression . 'LT' Expression
    Expression -> Expression 'LT' Expression . 
    Expression -> Expression . 'LE' Expression
    Expression -> Expression . 'EQUAL' Expression
    Expression -> Expression . 'SEMI'

  actions:
    action 'EOF' (explicit left 9995):   reduce Expression --> Expression 'LT' Expression
    action 'EQUAL' (explicit left 9995):   reduce Expression --> Expression 'LT' Expression
    action 'ASSIGN' (explicit left 9995):   reduce Expression --> Expression 'LT' Expression
    action 'NOT' (explicit left 9995):   reduce Expression --> Expression 'LT' Expression
    action 'PRINT' (explicit left 9995):   reduce Expression --> Expression 'LT' Expression
    action 'SEMI' (explicit left 9995):   reduce Expression --> Expression 'LT' Expression
    action 'GT' (explicit left 9995):   reduce Expression --> Expression 'LT' Expression
    action 'GE' (explicit left 9995):   reduce Expression --> Expression 'LT' Expression
    action 'LT' (explicit left 9995):   reduce Expression --> Expression 'LT' Expression
    action 'LE' (explicit left 9995):   reduce Expression --> Expression 'LT' Expression
    action 'LBRACE' (explicit left 9995):   reduce Expression --> Expression 'LT' Expression
    action 'RBRACE' (explicit left 9995):   reduce Expression --> Expression 'LT' Expression
    action 'LPAREN' (explicit left 9995):   reduce Expression --> Expression 'LT' Expression
    action 'RPAREN' (explicit left 9995):   reduce Expression --> Expression 'LT' Expression
    action 'PLUS' (explicit left 9997):   shift 29
    action 'MINUS' (explicit left 9996):   shift 30
    action 'TIMES' (explicit left 9999):   shift 27
    action 'DIV' (explicit left 9998):   shift 28
    action 'IF' (explicit left 9995):   reduce Expression --> Expression 'LT' Expression
    action 'THEN' (explicit left 9995):   reduce Expression --> Expression 'LT' Expression
    action 'ELSE' (explicit left 9995):   reduce Expression --> Expression 'LT' Expression
    action 'INT' (explicit left 9995):   reduce Expression --> Expression 'LT' Expression
    action 'FLOAT' (explicit left 9995):   reduce Expression --> Expression 'LT' Expression
    action 'ID' (explicit left 9995):   reduce Expression --> Expression 'LT' Expression
    action 'error' (explicit left 9995):   reduce Expression --> Expression 'LT' Expression
    action '#' (explicit left 9995):   reduce Expression --> Expression 'LT' Expression
    action '$$' (explicit left 9995):   reduce Expression --> Expression 'LT' Expression

  immediate action: <none>
 gotos:

state 25:
  items:
    Expression -> Expression . 'TIMES' Expression
    Expression -> Expression . 'DIV' Expression
    Expression -> Expression . 'PLUS' Expression
    Expression -> Expression . 'MINUS' Expression
    Expression -> Expression . 'GT' Expression
    Expression -> Expression . 'GE' Expression
    Expression -> Expression . 'LT' Expression
    Expression -> Expression . 'LE' Expression
    Expression -> Expression 'LE' Expression . 
    Expression -> Expression . 'EQUAL' Expression
    Expression -> Expression . 'SEMI'

  actions:
    action 'EOF' (explicit left 9995):   reduce Expression --> Expression 'LE' Expression
    action 'EQUAL' (explicit left 9995):   reduce Expression --> Expression 'LE' Expression
    action 'ASSIGN' (explicit left 9995):   reduce Expression --> Expression 'LE' Expression
    action 'NOT' (explicit left 9995):   reduce Expression --> Expression 'LE' Expression
    action 'PRINT' (explicit left 9995):   reduce Expression --> Expression 'LE' Expression
    action 'SEMI' (explicit left 9995):   reduce Expression --> Expression 'LE' Expression
    action 'GT' (explicit left 9995):   reduce Expression --> Expression 'LE' Expression
    action 'GE' (explicit left 9995):   reduce Expression --> Expression 'LE' Expression
    action 'LT' (explicit left 9995):   reduce Expression --> Expression 'LE' Expression
    action 'LE' (explicit left 9995):   reduce Expression --> Expression 'LE' Expression
    action 'LBRACE' (explicit left 9995):   reduce Expression --> Expression 'LE' Expression
    action 'RBRACE' (explicit left 9995):   reduce Expression --> Expression 'LE' Expression
    action 'LPAREN' (explicit left 9995):   reduce Expression --> Expression 'LE' Expression
    action 'RPAREN' (explicit left 9995):   reduce Expression --> Expression 'LE' Expression
    action 'PLUS' (explicit left 9997):   shift 29
    action 'MINUS' (explicit left 9996):   shift 30
    action 'TIMES' (explicit left 9999):   shift 27
    action 'DIV' (explicit left 9998):   shift 28
    action 'IF' (explicit left 9995):   reduce Expression --> Expression 'LE' Expression
    action 'THEN' (explicit left 9995):   reduce Expression --> Expression 'LE' Expression
    action 'ELSE' (explicit left 9995):   reduce Expression --> Expression 'LE' Expression
    action 'INT' (explicit left 9995):   reduce Expression --> Expression 'LE' Expression
    action 'FLOAT' (explicit left 9995):   reduce Expression --> Expression 'LE' Expression
    action 'ID' (explicit left 9995):   reduce Expression --> Expression 'LE' Expression
    action 'error' (explicit left 9995):   reduce Expression --> Expression 'LE' Expression
    action '#' (explicit left 9995):   reduce Expression --> Expression 'LE' Expression
    action '$$' (explicit left 9995):   reduce Expression --> Expression 'LE' Expression

  immediate action: <none>
 gotos:

state 26:
  items:
    Expression -> Expression . 'TIMES' Expression
    Expression -> Expression . 'DIV' Expression
    Expression -> Expression . 'PLUS' Expression
    Expression -> Expression . 'MINUS' Expression
    Expression -> Expression . 'GT' Expression
    Expression -> Expression . 'GE' Expression
    Expression -> Expression . 'LT' Expression
    Expression -> Expression . 'LE' Expression
    Expression -> Expression . 'EQUAL' Expression
    Expression -> Expression 'EQUAL' Expression . 
    Expression -> Expression . 'SEMI'

  actions:
    action 'EOF' (explicit nonassoc 9990):   reduce Expression --> Expression 'EQUAL' Expression
    action 'EQUAL' (explicit nonassoc 9990):   shift 35
    action 'ASSIGN' (explicit nonassoc 9990):   reduce Expression --> Expression 'EQUAL' Expression
    action 'NOT' (explicit nonassoc 9990):   reduce Expression --> Expression 'EQUAL' Expression
    action 'PRINT' (explicit nonassoc 9990):   reduce Expression --> Expression 'EQUAL' Expression
    action 'SEMI' (explicit left 9994):   shift 36
    action 'GT' (explicit left 9995):   shift 31
    action 'GE' (explicit left 9995):   shift 32
    action 'LT' (explicit left 9995):   shift 33
    action 'LE' (explicit left 9995):   shift 34
    action 'LBRACE' (explicit nonassoc 9990):   reduce Expression --> Expression 'EQUAL' Expression
    action 'RBRACE' (explicit nonassoc 9990):   reduce Expression --> Expression 'EQUAL' Expression
    action 'LPAREN' (explicit nonassoc 9990):   reduce Expression --> Expression 'EQUAL' Expression
    action 'RPAREN' (explicit nonassoc 9990):   reduce Expression --> Expression 'EQUAL' Expression
    action 'PLUS' (explicit left 9997):   shift 29
    action 'MINUS' (explicit left 9996):   shift 30
    action 'TIMES' (explicit left 9999):   shift 27
    action 'DIV' (explicit left 9998):   shift 28
    action 'IF' (explicit nonassoc 9990):   reduce Expression --> Expression 'EQUAL' Expression
    action 'THEN' (explicit nonassoc 9990):   reduce Expression --> Expression 'EQUAL' Expression
    action 'ELSE' (explicit nonassoc 9990):   reduce Expression --> Expression 'EQUAL' Expression
    action 'INT' (explicit nonassoc 9990):   reduce Expression --> Expression 'EQUAL' Expression
    action 'FLOAT' (explicit nonassoc 9990):   reduce Expression --> Expression 'EQUAL' Expression
    action 'ID' (explicit nonassoc 9990):   reduce Expression --> Expression 'EQUAL' Expression
    action 'error' (explicit nonassoc 9990):   reduce Expression --> Expression 'EQUAL' Expression
    action '#' (explicit nonassoc 9990):   reduce Expression --> Expression 'EQUAL' Expression
    action '$$' (explicit nonassoc 9990):   reduce Expression --> Expression 'EQUAL' Expression

  immediate action: <none>
 gotos:

state 27:
  items:
    Expression -> Expression 'TIMES' . Expression

  actions:
    action 'EOF' (noprec):   error
    action 'EQUAL' (noprec):   error
    action 'ASSIGN' (noprec):   error
    action 'NOT' (explicit right 10000):   shift 16
    action 'PRINT' (explicit right 9993):   shift 11
    action 'SEMI' (noprec):   error
    action 'GT' (noprec):   error
    action 'GE' (noprec):   error
    action 'LT' (noprec):   error
    action 'LE' (noprec):   error
    action 'LBRACE' (noprec):   error
    action 'RBRACE' (noprec):   error
    action 'LPAREN' (noprec):   shift 13
    action 'RPAREN' (noprec):   error
    action 'PLUS' (noprec):   error
    action 'MINUS' (noprec):   error
    action 'TIMES' (noprec):   error
    action 'DIV' (noprec):   error
    action 'IF' (explicit right 9992):   shift 7
    action 'THEN' (noprec):   error
    action 'ELSE' (noprec):   error
    action 'INT' (noprec):   shift 4
    action 'FLOAT' (noprec):   shift 3
    action 'ID' (noprec):   shift 2
    action 'error' (noprec):   error
    action '#' (noprec):   error
    action '$$' (noprec):   error

  immediate action: <none>
 gotos:
    goto Expression: 18

state 28:
  items:
    Expression -> Expression 'DIV' . Expression

  actions:
    action 'EOF' (noprec):   error
    action 'EQUAL' (noprec):   error
    action 'ASSIGN' (noprec):   error
    action 'NOT' (explicit right 10000):   shift 16
    action 'PRINT' (explicit right 9993):   shift 11
    action 'SEMI' (noprec):   error
    action 'GT' (noprec):   error
    action 'GE' (noprec):   error
    action 'LT' (noprec):   error
    action 'LE' (noprec):   error
    action 'LBRACE' (noprec):   error
    action 'RBRACE' (noprec):   error
    action 'LPAREN' (noprec):   shift 13
    action 'RPAREN' (noprec):   error
    action 'PLUS' (noprec):   error
    action 'MINUS' (noprec):   error
    action 'TIMES' (noprec):   error
    action 'DIV' (noprec):   error
    action 'IF' (explicit right 9992):   shift 7
    action 'THEN' (noprec):   error
    action 'ELSE' (noprec):   error
    action 'INT' (noprec):   shift 4
    action 'FLOAT' (noprec):   shift 3
    action 'ID' (noprec):   shift 2
    action 'error' (noprec):   error
    action '#' (noprec):   error
    action '$$' (noprec):   error

  immediate action: <none>
 gotos:
    goto Expression: 19

state 29:
  items:
    Expression -> Expression 'PLUS' . Expression

  actions:
    action 'EOF' (noprec):   error
    action 'EQUAL' (noprec):   error
    action 'ASSIGN' (noprec):   error
    action 'NOT' (explicit right 10000):   shift 16
    action 'PRINT' (explicit right 9993):   shift 11
    action 'SEMI' (noprec):   error
    action 'GT' (noprec):   error
    action 'GE' (noprec):   error
    action 'LT' (noprec):   error
    action 'LE' (noprec):   error
    action 'LBRACE' (noprec):   error
    action 'RBRACE' (noprec):   error
    action 'LPAREN' (noprec):   shift 13
    action 'RPAREN' (noprec):   error
    action 'PLUS' (noprec):   error
    action 'MINUS' (noprec):   error
    action 'TIMES' (noprec):   error
    action 'DIV' (noprec):   error
    action 'IF' (explicit right 9992):   shift 7
    action 'THEN' (noprec):   error
    action 'ELSE' (noprec):   error
    action 'INT' (noprec):   shift 4
    action 'FLOAT' (noprec):   shift 3
    action 'ID' (noprec):   shift 2
    action 'error' (noprec):   error
    action '#' (noprec):   error
    action '$$' (noprec):   error

  immediate action: <none>
 gotos:
    goto Expression: 20

state 30:
  items:
    Expression -> Expression 'MINUS' . Expression

  actions:
    action 'EOF' (noprec):   error
    action 'EQUAL' (noprec):   error
    action 'ASSIGN' (noprec):   error
    action 'NOT' (explicit right 10000):   shift 16
    action 'PRINT' (explicit right 9993):   shift 11
    action 'SEMI' (noprec):   error
    action 'GT' (noprec):   error
    action 'GE' (noprec):   error
    action 'LT' (noprec):   error
    action 'LE' (noprec):   error
    action 'LBRACE' (noprec):   error
    action 'RBRACE' (noprec):   error
    action 'LPAREN' (noprec):   shift 13
    action 'RPAREN' (noprec):   error
    action 'PLUS' (noprec):   error
    action 'MINUS' (noprec):   error
    action 'TIMES' (noprec):   error
    action 'DIV' (noprec):   error
    action 'IF' (explicit right 9992):   shift 7
    action 'THEN' (noprec):   error
    action 'ELSE' (noprec):   error
    action 'INT' (noprec):   shift 4
    action 'FLOAT' (noprec):   shift 3
    action 'ID' (noprec):   shift 2
    action 'error' (noprec):   error
    action '#' (noprec):   error
    action '$$' (noprec):   error

  immediate action: <none>
 gotos:
    goto Expression: 21

state 31:
  items:
    Expression -> Expression 'GT' . Expression

  actions:
    action 'EOF' (noprec):   error
    action 'EQUAL' (noprec):   error
    action 'ASSIGN' (noprec):   error
    action 'NOT' (explicit right 10000):   shift 16
    action 'PRINT' (explicit right 9993):   shift 11
    action 'SEMI' (noprec):   error
    action 'GT' (noprec):   error
    action 'GE' (noprec):   error
    action 'LT' (noprec):   error
    action 'LE' (noprec):   error
    action 'LBRACE' (noprec):   error
    action 'RBRACE' (noprec):   error
    action 'LPAREN' (noprec):   shift 13
    action 'RPAREN' (noprec):   error
    action 'PLUS' (noprec):   error
    action 'MINUS' (noprec):   error
    action 'TIMES' (noprec):   error
    action 'DIV' (noprec):   error
    action 'IF' (explicit right 9992):   shift 7
    action 'THEN' (noprec):   error
    action 'ELSE' (noprec):   error
    action 'INT' (noprec):   shift 4
    action 'FLOAT' (noprec):   shift 3
    action 'ID' (noprec):   shift 2
    action 'error' (noprec):   error
    action '#' (noprec):   error
    action '$$' (noprec):   error

  immediate action: <none>
 gotos:
    goto Expression: 22

state 32:
  items:
    Expression -> Expression 'GE' . Expression

  actions:
    action 'EOF' (noprec):   error
    action 'EQUAL' (noprec):   error
    action 'ASSIGN' (noprec):   error
    action 'NOT' (explicit right 10000):   shift 16
    action 'PRINT' (explicit right 9993):   shift 11
    action 'SEMI' (noprec):   error
    action 'GT' (noprec):   error
    action 'GE' (noprec):   error
    action 'LT' (noprec):   error
    action 'LE' (noprec):   error
    action 'LBRACE' (noprec):   error
    action 'RBRACE' (noprec):   error
    action 'LPAREN' (noprec):   shift 13
    action 'RPAREN' (noprec):   error
    action 'PLUS' (noprec):   error
    action 'MINUS' (noprec):   error
    action 'TIMES' (noprec):   error
    action 'DIV' (noprec):   error
    action 'IF' (explicit right 9992):   shift 7
    action 'THEN' (noprec):   error
    action 'ELSE' (noprec):   error
    action 'INT' (noprec):   shift 4
    action 'FLOAT' (noprec):   shift 3
    action 'ID' (noprec):   shift 2
    action 'error' (noprec):   error
    action '#' (noprec):   error
    action '$$' (noprec):   error

  immediate action: <none>
 gotos:
    goto Expression: 23

state 33:
  items:
    Expression -> Expression 'LT' . Expression

  actions:
    action 'EOF' (noprec):   error
    action 'EQUAL' (noprec):   error
    action 'ASSIGN' (noprec):   error
    action 'NOT' (explicit right 10000):   shift 16
    action 'PRINT' (explicit right 9993):   shift 11
    action 'SEMI' (noprec):   error
    action 'GT' (noprec):   error
    action 'GE' (noprec):   error
    action 'LT' (noprec):   error
    action 'LE' (noprec):   error
    action 'LBRACE' (noprec):   error
    action 'RBRACE' (noprec):   error
    action 'LPAREN' (noprec):   shift 13
    action 'RPAREN' (noprec):   error
    action 'PLUS' (noprec):   error
    action 'MINUS' (noprec):   error
    action 'TIMES' (noprec):   error
    action 'DIV' (noprec):   error
    action 'IF' (explicit right 9992):   shift 7
    action 'THEN' (noprec):   error
    action 'ELSE' (noprec):   error
    action 'INT' (noprec):   shift 4
    action 'FLOAT' (noprec):   shift 3
    action 'ID' (noprec):   shift 2
    action 'error' (noprec):   error
    action '#' (noprec):   error
    action '$$' (noprec):   error

  immediate action: <none>
 gotos:
    goto Expression: 24

state 34:
  items:
    Expression -> Expression 'LE' . Expression

  actions:
    action 'EOF' (noprec):   error
    action 'EQUAL' (noprec):   error
    action 'ASSIGN' (noprec):   error
    action 'NOT' (explicit right 10000):   shift 16
    action 'PRINT' (explicit right 9993):   shift 11
    action 'SEMI' (noprec):   error
    action 'GT' (noprec):   error
    action 'GE' (noprec):   error
    action 'LT' (noprec):   error
    action 'LE' (noprec):   error
    action 'LBRACE' (noprec):   error
    action 'RBRACE' (noprec):   error
    action 'LPAREN' (noprec):   shift 13
    action 'RPAREN' (noprec):   error
    action 'PLUS' (noprec):   error
    action 'MINUS' (noprec):   error
    action 'TIMES' (noprec):   error
    action 'DIV' (noprec):   error
    action 'IF' (explicit right 9992):   shift 7
    action 'THEN' (noprec):   error
    action 'ELSE' (noprec):   error
    action 'INT' (noprec):   shift 4
    action 'FLOAT' (noprec):   shift 3
    action 'ID' (noprec):   shift 2
    action 'error' (noprec):   error
    action '#' (noprec):   error
    action '$$' (noprec):   error

  immediate action: <none>
 gotos:
    goto Expression: 25

state 35:
  items:
    Expression -> Expression 'EQUAL' . Expression

  actions:
    action 'EOF' (noprec):   error
    action 'EQUAL' (noprec):   error
    action 'ASSIGN' (noprec):   error
    action 'NOT' (explicit right 10000):   shift 16
    action 'PRINT' (explicit right 9993):   shift 11
    action 'SEMI' (noprec):   error
    action 'GT' (noprec):   error
    action 'GE' (noprec):   error
    action 'LT' (noprec):   error
    action 'LE' (noprec):   error
    action 'LBRACE' (noprec):   error
    action 'RBRACE' (noprec):   error
    action 'LPAREN' (noprec):   shift 13
    action 'RPAREN' (noprec):   error
    action 'PLUS' (noprec):   error
    action 'MINUS' (noprec):   error
    action 'TIMES' (noprec):   error
    action 'DIV' (noprec):   error
    action 'IF' (explicit right 9992):   shift 7
    action 'THEN' (noprec):   error
    action 'ELSE' (noprec):   error
    action 'INT' (noprec):   shift 4
    action 'FLOAT' (noprec):   shift 3
    action 'ID' (noprec):   shift 2
    action 'error' (noprec):   error
    action '#' (noprec):   error
    action '$$' (noprec):   error

  immediate action: <none>
 gotos:
    goto Expression: 26

state 36:
  items:
    Expression -> Expression 'SEMI' . 

  actions:
    action 'EOF' (explicit left 9994):   reduce Expression --> Expression 'SEMI'
    action 'EQUAL' (explicit left 9994):   reduce Expression --> Expression 'SEMI'
    action 'ASSIGN' (explicit left 9994):   reduce Expression --> Expression 'SEMI'
    action 'NOT' (explicit left 9994):   reduce Expression --> Expression 'SEMI'
    action 'PRINT' (explicit left 9994):   reduce Expression --> Expression 'SEMI'
    action 'SEMI' (explicit left 9994):   reduce Expression --> Expression 'SEMI'
    action 'GT' (explicit left 9994):   reduce Expression --> Expression 'SEMI'
    action 'GE' (explicit left 9994):   reduce Expression --> Expression 'SEMI'
    action 'LT' (explicit left 9994):   reduce Expression --> Expression 'SEMI'
    action 'LE' (explicit left 9994):   reduce Expression --> Expression 'SEMI'
    action 'LBRACE' (explicit left 9994):   reduce Expression --> Expression 'SEMI'
    action 'RBRACE' (explicit left 9994):   reduce Expression --> Expression 'SEMI'
    action 'LPAREN' (explicit left 9994):   reduce Expression --> Expression 'SEMI'
    action 'RPAREN' (explicit left 9994):   reduce Expression --> Expression 'SEMI'
    action 'PLUS' (explicit left 9994):   reduce Expression --> Expression 'SEMI'
    action 'MINUS' (explicit left 9994):   reduce Expression --> Expression 'SEMI'
    action 'TIMES' (explicit left 9994):   reduce Expression --> Expression 'SEMI'
    action 'DIV' (explicit left 9994):   reduce Expression --> Expression 'SEMI'
    action 'IF' (explicit left 9994):   reduce Expression --> Expression 'SEMI'
    action 'THEN' (explicit left 9994):   reduce Expression --> Expression 'SEMI'
    action 'ELSE' (explicit left 9994):   reduce Expression --> Expression 'SEMI'
    action 'INT' (explicit left 9994):   reduce Expression --> Expression 'SEMI'
    action 'FLOAT' (explicit left 9994):   reduce Expression --> Expression 'SEMI'
    action 'ID' (explicit left 9994):   reduce Expression --> Expression 'SEMI'
    action 'error' (explicit left 9994):   reduce Expression --> Expression 'SEMI'
    action '#' (explicit left 9994):   reduce Expression --> Expression 'SEMI'
    action '$$' (explicit left 9994):   reduce Expression --> Expression 'SEMI'

  immediate action:   reduce Expression --> Expression 'SEMI'
 gotos:


startStates = 0
------------------------
